[01:41:06] [INIT] KubeJS 2001.6.5-build.16; MC 2001 forge
[01:41:06] [INIT] Loaded plugins:
[01:41:06] [INIT] - dev.latvian.mods.kubejs.forge.BuiltinKubeJSForgePlugin
[01:41:06] [INIT] - dev.latvian.mods.kubejs.forge.BuiltinKubeJSForgeClientPlugin
[01:41:06] [INIT] - com.almostreliable.morejs.Plugin
[01:41:06] [INIT] - dev.latvian.kubejs.mekanism.MekanismKubeJSPlugin
[01:41:06] [INIT] - com.bobvaraioa.kubejspowah.KubeJSPowahPlugin
[01:41:06] [INIT] - com.lowdragmc.lowdraglib.kjs.LDLibKubeJSPlugin
[01:41:06] [INIT] - com.almostreliable.lootjs.kube.LootJSPlugin
[01:41:06] [INIT] - com.probejs.ProbeJSPlugin
[01:41:06] [INIT] - com.bobvarioa.kubejsbotanypots.KubeJSBotanyPotsPlugin
[01:41:06] [INIT] - com.blakebr0.cucumber.compat.kubejs.CucumberKubeJSPlugin
[01:41:06] [INIT] - com.lowdragmc.mbd2.integration.kubejs.MBDKubeJSPlugin
[01:41:06] [INIT] - com.almostreliable.ponderjs.KubePlugin
[01:41:06] [INIT] - dev.latvian.mods.kubejs.thermal.KubeJSThermalPlugin
[01:41:06] [INIT] - com.bobvarioa.kubejsreiruntime.integrations.kube.KubePlugin
[01:41:06] [INIT] - net.yxiao233.ifeu.common.compact.kubejs.ModKubeJSPlugin
[01:41:06] [INIT] - thelm.jaopca.compat.kubejs.JAOPCAKubeJSPlugin
[01:41:06] [INIT] - dev.sorin.kubejsextendedcrafting.KubejsExtendedCraftingPlugin
[01:41:06] [INIT] - novamachina.exnihilosequentia.common.compat.kubejs.KubeJSExNihiloPlugin
[01:41:07] [INFO] example.js#5: Hello, World! (Loaded startup scripts)
[01:41:07] [INFO] Loaded script startup_scripts:example.js in 0.027 s
[01:41:07] [INFO] Loaded 1/1 KubeJS startup scripts in 0.346 s with 0 errors and 0 warnings
